

Started GET "/assets/rails.png" for 127.0.0.1 at Tue Nov 20 20:12:04 -0200 2012
Connecting to database specified by database.yml
Served asset /rails.png - 200 OK (47ms)


Started GET "/assets/rails.png" for 192.168.56.1 at Thu Nov 22 19:51:54 -0200 2012
Connecting to database specified by database.yml
Served asset /rails.png - 200 OK (58ms)
Connecting to database specified by database.yml
Connecting to database specified by database.yml
  [1m[36m (67.5ms)[0m  [1mCREATE TABLE `schema_migrations` (`version` varchar(255) NOT NULL) ENGINE=InnoDB[0m
  [1m[35m (142.8ms)[0m  CREATE UNIQUE INDEX `unique_schema_migrations` ON `schema_migrations` (`version`)
  [1m[36m (0.6ms)[0m  [1mSELECT `schema_migrations`.`version` FROM `schema_migrations` [0m
Migrating to CreateClubes (20121122215613)
  [1m[35m (34.4ms)[0m  CREATE TABLE `clubes` (`id` int(11) DEFAULT NULL auto_increment PRIMARY KEY, `nome` varchar(255), `descricao` text, `estadio` varchar(255), `created_at` datetime NOT NULL, `updated_at` datetime NOT NULL) ENGINE=InnoDB
  [1m[36m (4.9ms)[0m  [1mINSERT INTO `schema_migrations` (`version`) VALUES ('20121122215613')[0m
  [1m[35m (1.5ms)[0m  SELECT `schema_migrations`.`version` FROM `schema_migrations` 


Started GET "/" for 192.168.56.1 at Thu Nov 22 20:06:01 -0200 2012

ActionController::RoutingError (No route matches [GET] "/"):
  actionpack (3.2.8) lib/action_dispatch/middleware/debug_exceptions.rb:21:in `call'
  actionpack (3.2.8) lib/action_dispatch/middleware/show_exceptions.rb:56:in `call'
  railties (3.2.8) lib/rails/rack/logger.rb:26:in `call_app'
  railties (3.2.8) lib/rails/rack/logger.rb:16:in `call'
  actionpack (3.2.8) lib/action_dispatch/middleware/request_id.rb:22:in `call'
  rack (1.4.1) lib/rack/methodoverride.rb:21:in `call'
  rack (1.4.1) lib/rack/runtime.rb:17:in `call'
  activesupport (3.2.8) lib/active_support/cache/strategy/local_cache.rb:72:in `call'
  rack (1.4.1) lib/rack/lock.rb:15:in `call'
  actionpack (3.2.8) lib/action_dispatch/middleware/static.rb:62:in `call'
  railties (3.2.8) lib/rails/engine.rb:479:in `call'
  railties (3.2.8) lib/rails/application.rb:223:in `call'
  rack (1.4.1) lib/rack/content_length.rb:14:in `call'
  railties (3.2.8) lib/rails/rack/log_tailer.rb:17:in `call'
  rack (1.4.1) lib/rack/handler/webrick.rb:59:in `service'
  /usr/lib/ruby/1.8/webrick/httpserver.rb:104:in `service'
  /usr/lib/ruby/1.8/webrick/httpserver.rb:65:in `run'
  /usr/lib/ruby/1.8/webrick/server.rb:173:in `start_thread'
  /usr/lib/ruby/1.8/webrick/server.rb:162:in `start'
  /usr/lib/ruby/1.8/webrick/server.rb:162:in `start_thread'
  /usr/lib/ruby/1.8/webrick/server.rb:95:in `start'
  /usr/lib/ruby/1.8/webrick/server.rb:92:in `each'
  /usr/lib/ruby/1.8/webrick/server.rb:92:in `start'
  /usr/lib/ruby/1.8/webrick/server.rb:23:in `start'
  /usr/lib/ruby/1.8/webrick/server.rb:82:in `start'
  rack (1.4.1) lib/rack/handler/webrick.rb:13:in `run'
  rack (1.4.1) lib/rack/server.rb:265:in `start'
  railties (3.2.8) lib/rails/commands/server.rb:70:in `start'
  railties (3.2.8) lib/rails/commands.rb:55
  railties (3.2.8) lib/rails/commands.rb:50:in `tap'
  railties (3.2.8) lib/rails/commands.rb:50
  script/rails:6:in `require'
  script/rails:6


  Rendered /var/lib/gems/1.8/gems/actionpack-3.2.8/lib/action_dispatch/middleware/templates/rescues/routing_error.erb within rescues/layout (5.8ms)


Started GET "/index" for 192.168.56.1 at Thu Nov 22 20:06:17 -0200 2012

ActionController::RoutingError (No route matches [GET] "/index"):
  actionpack (3.2.8) lib/action_dispatch/middleware/debug_exceptions.rb:21:in `call'
  actionpack (3.2.8) lib/action_dispatch/middleware/show_exceptions.rb:56:in `call'
  railties (3.2.8) lib/rails/rack/logger.rb:26:in `call_app'
  railties (3.2.8) lib/rails/rack/logger.rb:16:in `call'
  actionpack (3.2.8) lib/action_dispatch/middleware/request_id.rb:22:in `call'
  rack (1.4.1) lib/rack/methodoverride.rb:21:in `call'
  rack (1.4.1) lib/rack/runtime.rb:17:in `call'
  activesupport (3.2.8) lib/active_support/cache/strategy/local_cache.rb:72:in `call'
  rack (1.4.1) lib/rack/lock.rb:15:in `call'
  actionpack (3.2.8) lib/action_dispatch/middleware/static.rb:62:in `call'
  railties (3.2.8) lib/rails/engine.rb:479:in `call'
  railties (3.2.8) lib/rails/application.rb:223:in `call'
  rack (1.4.1) lib/rack/content_length.rb:14:in `call'
  railties (3.2.8) lib/rails/rack/log_tailer.rb:17:in `call'
  rack (1.4.1) lib/rack/handler/webrick.rb:59:in `service'
  /usr/lib/ruby/1.8/webrick/httpserver.rb:104:in `service'
  /usr/lib/ruby/1.8/webrick/httpserver.rb:65:in `run'
  /usr/lib/ruby/1.8/webrick/server.rb:173:in `start_thread'
  /usr/lib/ruby/1.8/webrick/server.rb:162:in `start'
  /usr/lib/ruby/1.8/webrick/server.rb:162:in `start_thread'
  /usr/lib/ruby/1.8/webrick/server.rb:95:in `start'
  /usr/lib/ruby/1.8/webrick/server.rb:92:in `each'
  /usr/lib/ruby/1.8/webrick/server.rb:92:in `start'
  /usr/lib/ruby/1.8/webrick/server.rb:23:in `start'
  /usr/lib/ruby/1.8/webrick/server.rb:82:in `start'
  rack (1.4.1) lib/rack/handler/webrick.rb:13:in `run'
  rack (1.4.1) lib/rack/server.rb:265:in `start'
  railties (3.2.8) lib/rails/commands/server.rb:70:in `start'
  railties (3.2.8) lib/rails/commands.rb:55
  railties (3.2.8) lib/rails/commands.rb:50:in `tap'
  railties (3.2.8) lib/rails/commands.rb:50
  script/rails:6:in `require'
  script/rails:6


  Rendered /var/lib/gems/1.8/gems/actionpack-3.2.8/lib/action_dispatch/middleware/templates/rescues/routing_error.erb within rescues/layout (1.4ms)


Started GET "/index" for 192.168.56.1 at Thu Nov 22 20:08:07 -0200 2012

ActionController::RoutingError (No route matches [GET] "/index"):
  actionpack (3.2.8) lib/action_dispatch/middleware/debug_exceptions.rb:21:in `call'
  actionpack (3.2.8) lib/action_dispatch/middleware/show_exceptions.rb:56:in `call'
  railties (3.2.8) lib/rails/rack/logger.rb:26:in `call_app'
  railties (3.2.8) lib/rails/rack/logger.rb:16:in `call'
  actionpack (3.2.8) lib/action_dispatch/middleware/request_id.rb:22:in `call'
  rack (1.4.1) lib/rack/methodoverride.rb:21:in `call'
  rack (1.4.1) lib/rack/runtime.rb:17:in `call'
  activesupport (3.2.8) lib/active_support/cache/strategy/local_cache.rb:72:in `call'
  rack (1.4.1) lib/rack/lock.rb:15:in `call'
  actionpack (3.2.8) lib/action_dispatch/middleware/static.rb:62:in `call'
  railties (3.2.8) lib/rails/engine.rb:479:in `call'
  railties (3.2.8) lib/rails/application.rb:223:in `call'
  rack (1.4.1) lib/rack/content_length.rb:14:in `call'
  railties (3.2.8) lib/rails/rack/log_tailer.rb:17:in `call'
  rack (1.4.1) lib/rack/handler/webrick.rb:59:in `service'
  /usr/lib/ruby/1.8/webrick/httpserver.rb:104:in `service'
  /usr/lib/ruby/1.8/webrick/httpserver.rb:65:in `run'
  /usr/lib/ruby/1.8/webrick/server.rb:173:in `start_thread'
  /usr/lib/ruby/1.8/webrick/server.rb:162:in `start'
  /usr/lib/ruby/1.8/webrick/server.rb:162:in `start_thread'
  /usr/lib/ruby/1.8/webrick/server.rb:95:in `start'
  /usr/lib/ruby/1.8/webrick/server.rb:92:in `each'
  /usr/lib/ruby/1.8/webrick/server.rb:92:in `start'
  /usr/lib/ruby/1.8/webrick/server.rb:23:in `start'
  /usr/lib/ruby/1.8/webrick/server.rb:82:in `start'
  rack (1.4.1) lib/rack/handler/webrick.rb:13:in `run'
  rack (1.4.1) lib/rack/server.rb:265:in `start'
  railties (3.2.8) lib/rails/commands/server.rb:70:in `start'
  railties (3.2.8) lib/rails/commands.rb:55
  railties (3.2.8) lib/rails/commands.rb:50:in `tap'
  railties (3.2.8) lib/rails/commands.rb:50
  script/rails:6:in `require'
  script/rails:6


  Rendered /var/lib/gems/1.8/gems/actionpack-3.2.8/lib/action_dispatch/middleware/templates/rescues/routing_error.erb within rescues/layout (0.6ms)


Started GET "/" for 192.168.56.1 at Thu Nov 22 20:08:07 -0200 2012
Processing by HomeController#index as HTML
  Rendered home/index.html.erb within layouts/application (0.2ms)
Compiled clubes.css  (16ms)  (pid 2256)
Compiled home.css  (2ms)  (pid 2256)
Compiled scaffolds.css  (44ms)  (pid 2256)
Compiled application.css  (186ms)  (pid 2256)
Compiled jquery.js  (9ms)  (pid 2256)
Compiled jquery_ujs.js  (1ms)  (pid 2256)
Compiled clubes.js  (1247ms)  (pid 2256)
Compiled home.js  (878ms)  (pid 2256)
Compiled application.js  (2802ms)  (pid 2256)
Completed 200 OK in 3305ms (Views: 3304.1ms | ActiveRecord: 0.0ms)


Started GET "/assets/application.css?body=1" for 192.168.56.1 at Thu Nov 22 20:09:26 -0200 2012
Served asset /application.css - 200 OK (62ms)


Started GET "/assets/clubes.css?body=1" for 192.168.56.1 at Thu Nov 22 20:09:26 -0200 2012
Served asset /clubes.css - 200 OK (6ms)


Started GET "/assets/home.css?body=1" for 192.168.56.1 at Thu Nov 22 20:09:26 -0200 2012
Served asset /home.css - 200 OK (4ms)


Started GET "/assets/scaffolds.css?body=1" for 192.168.56.1 at Thu Nov 22 20:09:26 -0200 2012
Served asset /scaffolds.css - 200 OK (7ms)


Started GET "/assets/jquery.js?body=1" for 192.168.56.1 at Thu Nov 22 20:09:26 -0200 2012
Served asset /jquery.js - 200 OK (80ms)


Started GET "/assets/jquery_ujs.js?body=1" for 192.168.56.1 at Thu Nov 22 20:09:26 -0200 2012
Served asset /jquery_ujs.js - 200 OK (20ms)


Started GET "/" for 192.168.56.1 at Thu Nov 22 20:09:26 -0200 2012
Processing by HomeController#index as HTML
  Rendered home/index.html.erb within layouts/application (0.1ms)
Completed 200 OK in 310ms (Views: 309.8ms | ActiveRecord: 0.0ms)


Started GET "/" for 127.0.0.1 at Thu Nov 22 20:09:27 -0200 2012
Processing by HomeController#index as HTML
  Rendered home/index.html.erb within layouts/application (0.1ms)
Completed 200 OK in 37ms (Views: 36.0ms | ActiveRecord: 0.0ms)


Started GET "/assets/application.css?body=1" for 192.168.56.1 at Thu Nov 22 20:10:22 -0200 2012
Served asset /application.css - 200 OK (0ms)


Started GET "/assets/clubes.css?body=1" for 192.168.56.1 at Thu Nov 22 20:10:22 -0200 2012
Served asset /clubes.css - 200 OK (0ms)


Started GET "/assets/home.css?body=1" for 192.168.56.1 at Thu Nov 22 20:10:22 -0200 2012
Served asset /home.css - 200 OK (0ms)


Started GET "/assets/scaffolds.css?body=1" for 192.168.56.1 at Thu Nov 22 20:10:32 -0200 2012
Served asset /scaffolds.css - 200 OK (0ms)


Started GET "/assets/jquery.js?body=1" for 192.168.56.1 at Thu Nov 22 20:10:37 -0200 2012
Served asset /jquery.js - 200 OK (0ms)


Started GET "/assets/jquery_ujs.js?body=1" for 192.168.56.1 at Thu Nov 22 20:10:37 -0200 2012
Served asset /jquery_ujs.js - 200 OK (0ms)


Started GET "/assets/clubes.js?body=1" for 192.168.56.1 at Thu Nov 22 20:10:37 -0200 2012
Served asset /clubes.js - 200 OK (8ms)


Started GET "/assets/home.js?body=1" for 192.168.56.1 at Thu Nov 22 20:10:37 -0200 2012
Served asset /home.js - 200 OK (7ms)


Started GET "/assets/clubes.css?body=1" for 127.0.0.1 at Thu Nov 22 20:10:37 -0200 2012
Served asset /clubes.css - 200 OK (0ms)


Started GET "/assets/application.css?body=1" for 127.0.0.1 at Thu Nov 22 20:10:37 -0200 2012
Served asset /application.css - 304 Not Modified (0ms)


Started GET "/assets/home.css?body=1" for 127.0.0.1 at Thu Nov 22 20:10:37 -0200 2012
Served asset /home.css - 304 Not Modified (0ms)


Started GET "/assets/clubes.js?body=1" for 127.0.0.1 at Thu Nov 22 20:10:37 -0200 2012
Served asset /clubes.js - 200 OK (0ms)


Started GET "/assets/scaffolds.css?body=1" for 127.0.0.1 at Thu Nov 22 20:10:37 -0200 2012
Served asset /scaffolds.css - 304 Not Modified (0ms)


Started GET "/assets/jquery.js?body=1" for 127.0.0.1 at Thu Nov 22 20:10:37 -0200 2012
Served asset /jquery.js - 304 Not Modified (0ms)


Started GET "/assets/application.js?body=1" for 192.168.56.1 at Thu Nov 22 20:10:37 -0200 2012
Served asset /application.js - 200 OK (65ms)


Started GET "/assets/jquery_ujs.js?body=1" for 127.0.0.1 at Thu Nov 22 20:10:38 -0200 2012
Served asset /jquery_ujs.js - 304 Not Modified (0ms)


Started GET "/assets/home.js?body=1" for 127.0.0.1 at Thu Nov 22 20:10:38 -0200 2012
Served asset /home.js - 304 Not Modified (0ms)


Started GET "/assets/application.js?body=1" for 127.0.0.1 at Thu Nov 22 20:10:38 -0200 2012
Served asset /application.js - 304 Not Modified (0ms)


Started GET "/bolao" for 192.168.56.1 at Thu Nov 22 20:16:33 -0200 2012

ActionController::RoutingError (uninitialized constant BolaoController):
  activesupport (3.2.8) lib/active_support/inflector/methods.rb:219:in `constantize'
  activesupport (3.2.8) lib/active_support/inflector/methods.rb:218:in `each'
  activesupport (3.2.8) lib/active_support/inflector/methods.rb:218:in `constantize'
  actionpack (3.2.8) lib/action_dispatch/routing/route_set.rb:69:in `controller_reference'
  actionpack (3.2.8) lib/action_dispatch/routing/route_set.rb:54:in `controller'
  actionpack (3.2.8) lib/action_dispatch/routing/route_set.rb:32:in `call'
  journey (1.0.4) lib/journey/router.rb:68:in `call'
  journey (1.0.4) lib/journey/router.rb:56:in `each'
  journey (1.0.4) lib/journey/router.rb:56:in `call'
  actionpack (3.2.8) lib/action_dispatch/routing/route_set.rb:600:in `call'
  actionpack (3.2.8) lib/action_dispatch/middleware/best_standards_support.rb:17:in `call'
  rack (1.4.1) lib/rack/etag.rb:23:in `call'
  rack (1.4.1) lib/rack/conditionalget.rb:25:in `call'
  actionpack (3.2.8) lib/action_dispatch/middleware/head.rb:14:in `call'
  actionpack (3.2.8) lib/action_dispatch/middleware/params_parser.rb:21:in `call'
  actionpack (3.2.8) lib/action_dispatch/middleware/flash.rb:242:in `call'
  rack (1.4.1) lib/rack/session/abstract/id.rb:205:in `context'
  rack (1.4.1) lib/rack/session/abstract/id.rb:200:in `call'
  actionpack (3.2.8) lib/action_dispatch/middleware/cookies.rb:339:in `call'
  activerecord (3.2.8) lib/active_record/query_cache.rb:64:in `call'
  activerecord (3.2.8) lib/active_record/connection_adapters/abstract/connection_pool.rb:473:in `call'
  actionpack (3.2.8) lib/action_dispatch/middleware/callbacks.rb:28:in `call'
  activesupport (3.2.8) lib/active_support/callbacks.rb:405:in `_run__278038673__call__4__callbacks'
  activesupport (3.2.8) lib/active_support/callbacks.rb:405:in `send'
  activesupport (3.2.8) lib/active_support/callbacks.rb:405:in `__run_callback'
  activesupport (3.2.8) lib/active_support/callbacks.rb:385:in `_run_call_callbacks'
  activesupport (3.2.8) lib/active_support/callbacks.rb:81:in `send'
  activesupport (3.2.8) lib/active_support/callbacks.rb:81:in `run_callbacks'
  actionpack (3.2.8) lib/action_dispatch/middleware/callbacks.rb:27:in `call'
  actionpack (3.2.8) lib/action_dispatch/middleware/reloader.rb:65:in `call'
  actionpack (3.2.8) lib/action_dispatch/middleware/remote_ip.rb:31:in `call'
  actionpack (3.2.8) lib/action_dispatch/middleware/debug_exceptions.rb:16:in `call'
  actionpack (3.2.8) lib/action_dispatch/middleware/show_exceptions.rb:56:in `call'
  railties (3.2.8) lib/rails/rack/logger.rb:26:in `call_app'
  railties (3.2.8) lib/rails/rack/logger.rb:16:in `call'
  actionpack (3.2.8) lib/action_dispatch/middleware/request_id.rb:22:in `call'
  rack (1.4.1) lib/rack/methodoverride.rb:21:in `call'
  rack (1.4.1) lib/rack/runtime.rb:17:in `call'
  activesupport (3.2.8) lib/active_support/cache/strategy/local_cache.rb:72:in `call'
  rack (1.4.1) lib/rack/lock.rb:15:in `call'
  actionpack (3.2.8) lib/action_dispatch/middleware/static.rb:62:in `call'
  railties (3.2.8) lib/rails/engine.rb:479:in `call'
  railties (3.2.8) lib/rails/application.rb:223:in `call'
  rack (1.4.1) lib/rack/content_length.rb:14:in `call'
  railties (3.2.8) lib/rails/rack/log_tailer.rb:17:in `call'
  rack (1.4.1) lib/rack/handler/webrick.rb:59:in `service'
  /usr/lib/ruby/1.8/webrick/httpserver.rb:104:in `service'
  /usr/lib/ruby/1.8/webrick/httpserver.rb:65:in `run'
  /usr/lib/ruby/1.8/webrick/server.rb:173:in `start_thread'
  /usr/lib/ruby/1.8/webrick/server.rb:162:in `start'
  /usr/lib/ruby/1.8/webrick/server.rb:162:in `start_thread'
  /usr/lib/ruby/1.8/webrick/server.rb:95:in `start'
  /usr/lib/ruby/1.8/webrick/server.rb:92:in `each'
  /usr/lib/ruby/1.8/webrick/server.rb:92:in `start'
  /usr/lib/ruby/1.8/webrick/server.rb:23:in `start'
  /usr/lib/ruby/1.8/webrick/server.rb:82:in `start'
  rack (1.4.1) lib/rack/handler/webrick.rb:13:in `run'
  rack (1.4.1) lib/rack/server.rb:265:in `start'
  railties (3.2.8) lib/rails/commands/server.rb:70:in `start'
  railties (3.2.8) lib/rails/commands.rb:55
  railties (3.2.8) lib/rails/commands.rb:50:in `tap'
  railties (3.2.8) lib/rails/commands.rb:50
  script/rails:6:in `require'
  script/rails:6


  Rendered /var/lib/gems/1.8/gems/actionpack-3.2.8/lib/action_dispatch/middleware/templates/rescues/routing_error.erb within rescues/layout (0.7ms)


Started GET "/" for 192.168.56.1 at Thu Nov 22 20:16:33 -0200 2012
Processing by HomeController#index as HTML
  Rendered home/index.html.erb within layouts/application (0.1ms)
Completed 200 OK in 9ms (Views: 8.6ms | ActiveRecord: 0.0ms)


Started GET "/" for 192.168.56.1 at Thu Nov 22 20:17:06 -0200 2012
Processing by HomeController#index as HTML
  Rendered home/index.html.erb within layouts/application (0.1ms)
Completed 200 OK in 17ms (Views: 16.2ms | ActiveRecord: 0.0ms)


Started GET "/assets/clubes.css?body=1" for 192.168.56.1 at Thu Nov 22 20:17:27 -0200 2012
Served asset /clubes.css - 304 Not Modified (0ms)


Started GET "/assets/scaffolds.css?body=1" for 192.168.56.1 at Thu Nov 22 20:17:27 -0200 2012
Served asset /scaffolds.css - 304 Not Modified (0ms)


Started GET "/assets/clubes.js?body=1" for 192.168.56.1 at Thu Nov 22 20:17:27 -0200 2012
Served asset /clubes.js - 304 Not Modified (0ms)
Connecting to database specified by database.yml
  [1m[36m (0.6ms)[0m  [1mSELECT `schema_migrations`.`version` FROM `schema_migrations` [0m
Migrating to CreateClubes (20121122215613)
  [1m[35m (0.5ms)[0m  SELECT `schema_migrations`.`version` FROM `schema_migrations` 
Connecting to database specified by database.yml
Connecting to database specified by database.yml
Connecting to database specified by database.yml
Connecting to database specified by database.yml
Connecting to database specified by database.yml
Connecting to database specified by database.yml
  [1m[36m (0.7ms)[0m  [1mSELECT `schema_migrations`.`version` FROM `schema_migrations` [0m
Migrating to CreateClubes (20121122215613)
Migrating to CreateJogos (20121122231907)
Connecting to database specified by database.yml
  [1m[36m (0.4ms)[0m  [1mSELECT `schema_migrations`.`version` FROM `schema_migrations` [0m
Migrating to CreateClubes (20121122215613)
Migrating to CreateJogos (20121122231907)
Connecting to database specified by database.yml
Connecting to database specified by database.yml
Connecting to database specified by database.yml
Connecting to database specified by database.yml
Connecting to database specified by database.yml
  [1m[36m (0.5ms)[0m  [1mSELECT `schema_migrations`.`version` FROM `schema_migrations` [0m
Migrating to CreateClubes (20121122215613)
Migrating to CreateJogos (20121122231907)
Connecting to database specified by database.yml
Connecting to database specified by database.yml
Connecting to database specified by database.yml
Connecting to database specified by database.yml
Connecting to database specified by database.yml
  [1m[36m (60.8ms)[0m  [1mDROP DATABASE IF EXISTS `bolao_development`[0m
  [1m[35m (1.1ms)[0m  DROP DATABASE IF EXISTS `bolao_test`
  [1m[36m (1.0ms)[0m  [1mCREATE DATABASE `bolao_development` DEFAULT CHARACTER SET `utf8` COLLATE `utf8_unicode_ci`[0m
  [1m[35m (0.9ms)[0m  CREATE DATABASE `bolao_test` DEFAULT CHARACTER SET `utf8` COLLATE `utf8_unicode_ci`
  [1m[36m (58.2ms)[0m  [1mCREATE TABLE `clubes` (`id` int(11) DEFAULT NULL auto_increment PRIMARY KEY, `nome` varchar(255), `descricao` text, `estadio` varchar(255), `created_at` datetime NOT NULL, `updated_at` datetime NOT NULL) ENGINE=InnoDB[0m
  [1m[35m (40.1ms)[0m  CREATE TABLE `schema_migrations` (`version` varchar(255) NOT NULL) ENGINE=InnoDB
  [1m[36m (104.1ms)[0m  [1mCREATE UNIQUE INDEX `unique_schema_migrations` ON `schema_migrations` (`version`)[0m
  [1m[35m (0.8ms)[0m  SELECT version FROM `schema_migrations`
  [1m[36m (5.6ms)[0m  [1mINSERT INTO `schema_migrations` (version) VALUES ('20121122215613')[0m
  [1m[35m (0.5ms)[0m  SELECT `schema_migrations`.`version` FROM `schema_migrations` 
Connecting to database specified by database.yml
Connecting to database specified by database.yml
  [1m[36m (62.9ms)[0m  [1mCREATE TABLE `schema_migrations` (`version` varchar(255) NOT NULL) ENGINE=InnoDB[0m
  [1m[35m (227.0ms)[0m  CREATE UNIQUE INDEX `unique_schema_migrations` ON `schema_migrations` (`version`)
  [1m[36m (0.5ms)[0m  [1mSELECT `schema_migrations`.`version` FROM `schema_migrations` [0m
Migrating to CreateClubes (20121122215613)
  [1m[35m (59.7ms)[0m  CREATE TABLE `clubes` (`id` int(11) DEFAULT NULL auto_increment PRIMARY KEY, `nome` varchar(255), `descricao` text, `estadio` varchar(255), `created_at` datetime NOT NULL, `updated_at` datetime NOT NULL) ENGINE=InnoDB
  [1m[36m (22.1ms)[0m  [1mINSERT INTO `schema_migrations` (`version`) VALUES ('20121122215613')[0m
  [1m[35m (0.6ms)[0m  SELECT `schema_migrations`.`version` FROM `schema_migrations` 
Connecting to database specified by database.yml
Connecting to database specified by database.yml
Connecting to database specified by database.yml
Connecting to database specified by database.yml
Connecting to database specified by database.yml
  [1m[36m (2.6ms)[0m  [1mSELECT `schema_migrations`.`version` FROM `schema_migrations` [0m
Migrating to CreateClubes (20121122215613)
Migrating to CreateJogos (20121122233624)
  [1m[35m (100.4ms)[0m  CREATE TABLE `jogos` (`id` int(11) DEFAULT NULL auto_increment PRIMARY KEY, `id_jogo` int(11), `time_mandante` varchar(255), `time_visitante` varchar(255), `gols_mandante` varchar(255), `gols_visitante` varchar(255), `created_at` datetime NOT NULL, `updated_at` datetime NOT NULL) ENGINE=InnoDB
  [1m[36m (6.7ms)[0m  [1mINSERT INTO `schema_migrations` (`version`) VALUES ('20121122233624')[0m
Migrating to CreateUsuarios (20121122233637)
  [1m[35m (17.6ms)[0m  CREATE TABLE `usuarios` (`id` int(11) DEFAULT NULL auto_increment PRIMARY KEY, `id_usuario` int(11), `nome_usuario` varchar(255), `password` varchar(255), `email` varchar(255), `nome_completo` varchar(255), `created_at` datetime NOT NULL, `updated_at` datetime NOT NULL) ENGINE=InnoDB
  [1m[36m (13.3ms)[0m  [1mINSERT INTO `schema_migrations` (`version`) VALUES ('20121122233637')[0m
Migrating to CreatePalpites (20121122233645)
  [1m[35m (17.3ms)[0m  CREATE TABLE `palpites` (`id` int(11) DEFAULT NULL auto_increment PRIMARY KEY, `id_palpite` int(11), `id_jogo` int(11), `id_usuario` int(11), `gol_mandante` int(11), `gol_visitante` int(11), `created_at` datetime NOT NULL, `updated_at` datetime NOT NULL) ENGINE=InnoDB
  [1m[36m (5.7ms)[0m  [1mINSERT INTO `schema_migrations` (`version`) VALUES ('20121122233645')[0m
Migrating to CreateClassificacaos (20121122233655)
  [1m[35m (23.5ms)[0m  CREATE TABLE `classificacaos` (`id` int(11) DEFAULT NULL auto_increment PRIMARY KEY, `id_time` int(11), `pontos` int(11), `jogos` int(11), `vitorias` int(11), `empates` int(11), `derrotas` int(11), `gols` int(11), `golscontra` int(11), `saldogols` int(11), `created_at` datetime NOT NULL, `updated_at` datetime NOT NULL) ENGINE=InnoDB
  [1m[36m (5.0ms)[0m  [1mINSERT INTO `schema_migrations` (`version`) VALUES ('20121122233655')[0m
  [1m[35m (0.7ms)[0m  SELECT `schema_migrations`.`version` FROM `schema_migrations` 
